app/build/intermediates/manifest_merge_blame_file/debug/manifest-merger-blame-debug-report.txt
1<?xml version="1.0" encoding="utf-8"?>
2<manifest xmlns:android="http://schemas.android.com/apk/res/android"
3    package="net.codecanyon.trimax.android.wordsearch"
4    android:versionCode="1"
5    android:versionName="1.0" >
6
7    <uses-sdk
7-->src\main\AndroidManifest.xml:7:5-47
8        android:minSdkVersion="16"
8-->src\main\AndroidManifest.xml:7:5-47
9        android:targetSdkVersion="28" />
9-->src\main\AndroidManifest.xml:7:15-44
10
11    <uses-permission android:name="android.permission.INTERNET" />
11-->src\main\AndroidManifest.xml:9:5-67
11-->src\main\AndroidManifest.xml:9:22-64
12    <uses-permission android:name="android.permission.ACCESS_NETWORK_STATE" />
12-->[com.google.android.gms:play-services-ads-lite:19.1.0] AndroidManifest.xml:24:5-79
12-->[com.google.android.gms:play-services-ads-lite:19.1.0] AndroidManifest.xml:24:22-76
13    <uses-permission android:name="android.permission.WAKE_LOCK" />
13-->[com.google.android.gms:play-services-measurement-sdk-api:17.1.0] AndroidManifest.xml:25:5-68
13-->[com.google.android.gms:play-services-measurement-sdk-api:17.1.0] AndroidManifest.xml:25:22-65
14
15    <application
15-->src\main\AndroidManifest.xml:11:5-42:19
16        android:allowBackup="true"
16-->src\main\AndroidManifest.xml:15:9-35
17        android:appComponentFactory="androidx.core.app.CoreComponentFactory"
17-->[androidx.core:core:1.0.0] AndroidManifest.xml:22:18-86
18        android:debuggable="true"
19        android:icon="@mipmap/ic_launcher"
19-->src\main\AndroidManifest.xml:12:9-43
20        android:label="@string/app_name"
20-->src\main\AndroidManifest.xml:13:9-41
21        android:theme="@style/AppTheme" >
21-->src\main\AndroidManifest.xml:14:9-40
22        <meta-data
22-->src\main\AndroidManifest.xml:16:9-18:69
23            android:name="com.google.android.gms.version"
23-->src\main\AndroidManifest.xml:17:13-58
24            android:value="@integer/google_play_services_version" />
24-->src\main\AndroidManifest.xml:18:13-66
25
26        <activity android:name="net.codecanyon.trimax.android.wordsearch.game.GameActivity" >
26-->src\main\AndroidManifest.xml:20:9-22:20
26-->src\main\AndroidManifest.xml:21:13-46
27        </activity>
28        <activity android:name="net.codecanyon.trimax.android.wordsearch.intro.IntroActivity" >
28-->src\main\AndroidManifest.xml:23:9-30:20
28-->src\main\AndroidManifest.xml:24:13-48
29            <intent-filter>
29-->src\main\AndroidManifest.xml:25:13-29:29
30                <action android:name="android.intent.action.MAIN" />
30-->src\main\AndroidManifest.xml:26:17-69
30-->src\main\AndroidManifest.xml:26:25-66
31
32                <category android:name="android.intent.category.LAUNCHER" />
32-->src\main\AndroidManifest.xml:28:17-77
32-->src\main\AndroidManifest.xml:28:27-74
33            </intent-filter>
34        </activity>
35        <activity
35-->src\main\AndroidManifest.xml:31:9-35:20
36            android:name="net.codecanyon.trimax.android.wordsearch.prefs.SettingsActivity"
36-->src\main\AndroidManifest.xml:32:13-51
37            android:configChanges="orientation|screenSize"
37-->src\main\AndroidManifest.xml:34:13-59
38            android:label="@string/settings" >
38-->src\main\AndroidManifest.xml:33:13-45
39        </activity>
40        <activity android:name="net.codecanyon.trimax.android.wordsearch.info.InfoActivity" >
40-->src\main\AndroidManifest.xml:36:9-38:20
40-->src\main\AndroidManifest.xml:37:13-46
41        </activity>
42        <activity
42-->src\main\AndroidManifest.xml:39:9-41:64
43            android:name="com.google.android.gms.ads.AdActivity"
43-->src\main\AndroidManifest.xml:39:19-71
44            android:configChanges="keyboard|keyboardHidden|orientation|screenLayout|uiMode|screenSize|smallestScreenSize"
44-->src\main\AndroidManifest.xml:40:13-122
45            android:exported="false"
45-->[com.google.android.gms:play-services-ads-lite:19.1.0] AndroidManifest.xml:32:13-37
46            android:theme="@android:style/Theme.Translucent" />
46-->src\main\AndroidManifest.xml:41:13-61
47
48        <provider
48-->[com.google.android.gms:play-services-ads-lite:19.1.0] AndroidManifest.xml:35:9-39:39
49            android:name="com.google.android.gms.ads.MobileAdsInitProvider"
49-->[com.google.android.gms:play-services-ads-lite:19.1.0] AndroidManifest.xml:36:13-76
50            android:authorities="net.codecanyon.trimax.android.wordsearch.mobileadsinitprovider"
50-->[com.google.android.gms:play-services-ads-lite:19.1.0] AndroidManifest.xml:37:13-73
51            android:exported="false"
51-->[com.google.android.gms:play-services-ads-lite:19.1.0] AndroidManifest.xml:38:13-37
52            android:initOrder="100" />
52-->[com.google.android.gms:play-services-ads-lite:19.1.0] AndroidManifest.xml:39:13-36
53    </application>
54
55</manifest>